TN:
SF:src/modules/users/services/CreateSessionService.ts
FN:16,(anonymous_18)
FN:17,CreateSessionService
FN:22,(anonymous_20)
FNF:3
FNH:3
FNDA:1,(anonymous_18)
FNDA:2,CreateSessionService
FNDA:2,(anonymous_20)
DA:1,1
DA:2,1
DA:4,1
DA:6,1
DA:16,1
DA:19,2
DA:22,2
DA:23,2
DA:25,2
DA:26,1
DA:29,1
DA:31,1
DA:33,1
DA:35,1
DA:37,1
LF:15
LH:15
BRDA:23,0,0,2
BRDA:25,1,0,1
BRDA:25,1,1,1
BRF:3
BRH:3
end_of_record
TN:
SF:src/modules/users/services/CreateUserService.ts
FN:18,(anonymous_18)
FN:19,CreateUserService
FN:24,(anonymous_20)
FNF:3
FNH:3
FNDA:2,(anonymous_18)
FNDA:4,CreateUserService
FNDA:5,(anonymous_20)
DA:1,2
DA:2,2
DA:4,2
DA:18,2
DA:21,4
DA:24,2
DA:25,5
DA:26,5
DA:27,5
DA:28,5
DA:30,5
DA:32,5
DA:33,1
DA:36,4
DA:43,4
DA:45,2
DA:47,2
LF:17
LH:17
BRDA:30,0,0,5
BRDA:32,1,0,1
BRDA:32,1,1,4
BRF:3
BRH:3
end_of_record
